\BOOKMARK [0][-]{chapter.1}{\376\377\000E\000i\000n\000l\000e\000i\000t\000u\000n\000g}{}% 1
\BOOKMARK [1][-]{section.1.1}{\376\377\000E\000i\000n\000f\000\374\000h\000r\000u\000n\000g\000\040\000i\000n\000\040\000d\000a\000s\000\040\000T\000h\000e\000m\000e\000n\000g\000e\000b\000i\000e\000t}{chapter.1}% 2
\BOOKMARK [0][-]{chapter.2}{\376\377\000G\000r\000u\000n\000d\000l\000a\000g\000e\000n}{}% 3
\BOOKMARK [1][-]{section.2.1}{\376\377\000S\000e\000c\000t\000i\000o\000n\000\040\0002\000.\0001}{chapter.2}% 4
\BOOKMARK [2][-]{subsection.2.1.1}{\376\377\000S\000u\000b\000s\000e\000c\000t\000i\000o\000n\000\040\0002\000.\0001\000.\0001}{section.2.1}% 5
\BOOKMARK [2][-]{subsection.2.1.2}{\376\377\000N\000\344\000c\000h\000s\000t\000e\000\040\000S\000u\000b\000s\000e\000c\000t\000i\000o\000n\000\040\0002\000.\0001\000.\0002}{section.2.1}% 6
\BOOKMARK [1][-]{section.2.2}{\376\377\000Z\000w\000e\000i\000Z\000w\000e\000i}{chapter.2}% 7
\BOOKMARK [2][-]{subsection.2.2.1}{\376\377\000Z\000w\000e\000i\000Z\000w\000e\000i\000E\000i\000n\000s}{section.2.2}% 8
\BOOKMARK [2][-]{subsection.2.2.2}{\376\377\000B\000\374\000n\000d\000i\000g\000k\000e\000i\000t\000\040\000u\000n\000d\000\040\000Z\000e\000n\000t\000r\000i\000e\000r\000e\000n}{section.2.2}% 9
\BOOKMARK [2][-]{subsection.2.2.3}{\376\377\000F\000a\000r\000b\000e\000n}{section.2.2}% 10
\BOOKMARK [2][-]{subsection.2.2.4}{\376\377\000S\000c\000h\000r\000i\000f\000t\000g\000r\000\366\000\337\000e}{section.2.2}% 11
\BOOKMARK [0][-]{chapter.3}{\376\377\000L\000i\000s\000t\000e\000n}{}% 12
\BOOKMARK [1][-]{section.3.1}{\376\377\000U\000n\000s\000o\000r\000t\000i\000e\000r\000t\000e\000\040\000L\000i\000s\000t\000e}{chapter.3}% 13
\BOOKMARK [1][-]{section.3.2}{\376\377\000S\000o\000r\000t\000i\000e\000r\000t\000e\000\040\000L\000i\000s\000t\000e}{chapter.3}% 14
\BOOKMARK [0][-]{chapter.4}{\376\377\000T\000a\000b\000e\000l\000l\000e\000n}{}% 15
\BOOKMARK [0][-]{chapter.5}{\376\377\000G\000r\000a\000f\000i\000k\000e\000n}{}% 16
\BOOKMARK [1][-]{section.5.1}{\376\377\000W\000r\000a\000p\000f\000i\000g}{chapter.5}% 17
\BOOKMARK [0][-]{chapter.6}{\376\377\000R\000e\000f\000e\000r\000e\000n\000z\000e\000n}{}% 18
\BOOKMARK [1][-]{section.6.1}{\376\377\000H\000y\000p\000e\000r\000r\000e\000f\000s}{chapter.6}% 19
\BOOKMARK [1][-]{section.6.2}{\376\377\000F\000u\000\337\000n\000o\000t\000e\000n}{chapter.6}% 20
\BOOKMARK [0][-]{section.6.2}{\376\377\000A\000n\000h\000a\000n\000g}{}% 21
\BOOKMARK [0][-]{chapter.7}{\376\377\000E\000i\000d\000e\000s\000s\000t\000a\000t\000t\000l\000i\000c\000h\000e\000\040\000E\000r\000k\000l\000\344\000r\000u\000n\000g}{}% 22
